<?xml version="1.0" encoding="UTF-8"?>
<!-- Generated by org.testng.reporters.JUnitReportReporter -->
<testsuite skipped="1" hostname="DESKTOP-0E0KO8K" name="corejava2.Dateformat" tests="2" failures="0" timestamp="2021-02-27T14:46:19 IST" time="0.026" errors="0">
  <testcase name="calenderc" time="0.026" classname="corejava2.Dateformat"/>
  <system-out/>
  <testcase name="date" classname="corejava2.Dateformat">
    <skipped/>
  </testcase> <!-- date -->
  <system-out/>
</testsuite> <!-- corejava2.Dateformat -->
